
> @cms/client@0.1.0 build /Users/anthonyshew/projects/debugs/cms-project/@app/client
> next build

   ▲ Next.js 14.0.4

   Creating an optimized production build ...
Failed to compile.

./src/components/Providers.tsx
Module not found: Can't resolve '@cms/packages/template-engine/styles/builderJss'

https://nextjs.org/docs/messages/module-not-found

./src/app/[alias]/page.tsx
Module not found: Can't resolve '@cms/packages/data/prisma'

https://nextjs.org/docs/messages/module-not-found

./src/app/layout.tsx
Module not found: Can't resolve '@cms/packages/config/global.css'

https://nextjs.org/docs/messages/module-not-found

./src/app/page.tsx
Module not found: Can't resolve '@cms/packages/db'

https://nextjs.org/docs/messages/module-not-found

./src/app/page.tsx
Module not found: Can't resolve '@cms/packages/template-engine/modules/serializeSchema'

https://nextjs.org/docs/messages/module-not-found


> Build failed because of webpack errors
 ELIFECYCLE  Command failed with exit code 1.
